[2016-09-21 10:45:40.601] [DEBUG] [default] - Connected to the database
[2016-09-21 10:50:53.506] [DEBUG] [default] - Connected to the database
[2016-09-21 10:50:53.510] [DEBUG] [default] - Server is now running
[2016-09-21 10:50:53.510] [DEBUG] [default] - listening to port 8080
[2016-09-21 10:51:23.565] [DEBUG] [default] - test
[2016-09-21 10:51:23.565] [DEBUG] [default] - 
[2016-09-21 10:51:23.573] [DEBUG] [default] - test
[2016-09-21 10:51:23.574] [DEBUG] [default] - 
[2016-09-21 10:51:23.578] [DEBUG] [default] - test
[2016-09-21 10:51:23.578] [DEBUG] [default] - 
[2016-09-21 10:51:23.579] [DEBUG] [default] - test
[2016-09-21 10:51:23.579] [DEBUG] [default] - 
[2016-09-21 10:51:23.581] [DEBUG] [default] - test
[2016-09-21 10:51:23.581] [DEBUG] [default] - 
[2016-09-21 10:51:23.584] [DEBUG] [default] - test
[2016-09-21 10:51:23.585] [DEBUG] [default] - 
[2016-09-21 10:51:23.586] [DEBUG] [default] - test
[2016-09-21 10:51:23.586] [DEBUG] [default] - 
[2016-09-21 10:51:23.588] [DEBUG] [default] - test
[2016-09-21 10:51:23.588] [DEBUG] [default] - 
[2016-09-21 10:51:23.590] [DEBUG] [default] - test
[2016-09-21 10:51:23.590] [DEBUG] [default] - 
[2016-09-21 10:51:23.591] [DEBUG] [default] - test
[2016-09-21 10:51:23.591] [DEBUG] [default] - 
[2016-09-21 10:51:23.592] [DEBUG] [default] - test
[2016-09-21 10:51:23.593] [DEBUG] [default] - 
[2016-09-21 10:51:23.595] [DEBUG] [default] - test
[2016-09-21 10:51:23.595] [DEBUG] [default] - 
[2016-09-21 10:51:23.596] [DEBUG] [default] - test
[2016-09-21 10:51:23.596] [DEBUG] [default] - 
[2016-09-21 10:51:23.597] [DEBUG] [default] - test
[2016-09-21 10:51:23.597] [DEBUG] [default] - 
[2016-09-21 10:51:23.598] [DEBUG] [default] - test
[2016-09-21 10:51:23.598] [DEBUG] [default] - 
[2016-09-21 10:51:23.599] [DEBUG] [default] - test
[2016-09-21 10:51:23.600] [DEBUG] [default] - 
[2016-09-21 10:51:23.601] [DEBUG] [default] - test
[2016-09-21 10:51:23.601] [DEBUG] [default] - 
[2016-09-21 10:51:23.601] [DEBUG] [default] - test
[2016-09-21 10:51:23.602] [DEBUG] [default] - 
[2016-09-21 10:51:23.602] [DEBUG] [default] - test
[2016-09-21 10:51:23.602] [DEBUG] [default] - 
[2016-09-21 10:51:23.603] [DEBUG] [default] - test
[2016-09-21 10:51:23.603] [DEBUG] [default] - 
[2016-09-21 10:51:23.604] [DEBUG] [default] - test
[2016-09-21 10:51:23.604] [DEBUG] [default] - 
[2016-09-21 10:51:23.605] [DEBUG] [default] - test
[2016-09-21 10:51:23.605] [DEBUG] [default] - 
[2016-09-21 10:51:23.611] [DEBUG] [default] - test
[2016-09-21 10:51:23.611] [DEBUG] [default] - 
[2016-09-21 10:51:23.611] [DEBUG] [default] - test
[2016-09-21 10:51:23.612] [DEBUG] [default] - 
[2016-09-21 10:51:23.613] [DEBUG] [default] - test
[2016-09-21 10:51:23.613] [DEBUG] [default] - 
[2016-09-21 10:51:23.614] [DEBUG] [default] - test
[2016-09-21 10:51:23.614] [DEBUG] [default] - 
[2016-09-21 10:51:23.616] [DEBUG] [default] - test
[2016-09-21 10:51:23.618] [DEBUG] [default] - 
[2016-09-21 10:51:23.620] [DEBUG] [default] - test
[2016-09-21 10:51:23.620] [DEBUG] [default] - 
[2016-09-21 10:51:23.620] [DEBUG] [default] - test
[2016-09-21 10:51:23.621] [DEBUG] [default] - 
[2016-09-21 10:51:23.621] [DEBUG] [default] - test
[2016-09-21 10:51:23.621] [DEBUG] [default] - 
[2016-09-21 10:51:23.622] [DEBUG] [default] - test
[2016-09-21 10:51:23.622] [DEBUG] [default] - 
[2016-09-21 10:51:23.623] [DEBUG] [default] - test
[2016-09-21 10:51:23.624] [DEBUG] [default] - 
[2016-09-21 10:51:23.625] [DEBUG] [default] - test
[2016-09-21 10:51:23.625] [DEBUG] [default] - 
[2016-09-21 10:51:23.628] [DEBUG] [default] - test
[2016-09-21 10:51:23.628] [DEBUG] [default] - 
[2016-09-21 10:51:23.629] [DEBUG] [default] - test
[2016-09-21 10:51:23.629] [DEBUG] [default] - 
[2016-09-21 10:51:23.630] [DEBUG] [default] - test
[2016-09-21 10:51:23.630] [DEBUG] [default] - 
[2016-09-21 10:51:23.630] [DEBUG] [default] - test
[2016-09-21 10:51:23.631] [DEBUG] [default] - 
[2016-09-21 10:51:23.631] [DEBUG] [default] - test
[2016-09-21 10:51:23.631] [DEBUG] [default] - 
[2016-09-21 10:51:23.632] [DEBUG] [default] - test
[2016-09-21 10:51:23.632] [DEBUG] [default] - 
[2016-09-21 10:51:23.632] [DEBUG] [default] - test
[2016-09-21 10:51:23.633] [DEBUG] [default] - 
[2016-09-21 10:51:23.633] [DEBUG] [default] - test
[2016-09-21 10:51:23.633] [DEBUG] [default] - 
[2016-09-21 10:51:23.634] [DEBUG] [default] - test
[2016-09-21 10:51:23.634] [DEBUG] [default] - 
[2016-09-21 10:51:23.637] [DEBUG] [default] - test
[2016-09-21 10:51:23.637] [DEBUG] [default] - 
[2016-09-21 10:51:23.638] [DEBUG] [default] - test
[2016-09-21 10:51:23.638] [DEBUG] [default] - 
[2016-09-21 10:51:23.639] [DEBUG] [default] - test
[2016-09-21 10:51:23.639] [DEBUG] [default] - 
[2016-09-21 10:51:23.640] [DEBUG] [default] - test
[2016-09-21 10:51:23.640] [DEBUG] [default] - 
[2016-09-21 10:51:23.641] [DEBUG] [default] - test
[2016-09-21 10:51:23.641] [DEBUG] [default] - 
[2016-09-21 10:51:23.642] [DEBUG] [default] - test
[2016-09-21 10:51:23.642] [DEBUG] [default] - 
[2016-09-21 10:51:23.646] [DEBUG] [default] - test
[2016-09-21 10:51:23.646] [DEBUG] [default] - 
[2016-09-21 10:51:23.647] [DEBUG] [default] - test
[2016-09-21 10:51:23.647] [DEBUG] [default] - 
[2016-09-21 10:51:23.648] [DEBUG] [default] - test
[2016-09-21 10:51:23.648] [DEBUG] [default] - 
[2016-09-21 10:51:23.650] [DEBUG] [default] - test
[2016-09-21 10:51:23.650] [DEBUG] [default] - 
[2016-09-21 10:51:23.651] [DEBUG] [default] - test
[2016-09-21 10:51:23.651] [DEBUG] [default] - 
[2016-09-21 10:51:23.657] [DEBUG] [default] - test
[2016-09-21 10:51:23.657] [DEBUG] [default] - 
[2016-09-21 10:51:23.659] [DEBUG] [default] - test
[2016-09-21 10:51:23.659] [DEBUG] [default] - 
[2016-09-21 10:51:23.666] [DEBUG] [default] - test
[2016-09-21 10:51:23.667] [DEBUG] [default] - 
[2016-09-21 10:51:23.673] [DEBUG] [default] - test
[2016-09-21 10:51:23.674] [DEBUG] [default] - 
[2016-09-21 10:51:23.675] [DEBUG] [default] - test
[2016-09-21 10:51:23.675] [DEBUG] [default] - 
[2016-09-21 10:51:23.675] [DEBUG] [default] - test
[2016-09-21 10:51:23.676] [DEBUG] [default] - 
[2016-09-21 10:51:23.679] [DEBUG] [default] - test
[2016-09-21 10:51:23.679] [DEBUG] [default] - 
[2016-09-21 10:51:23.681] [DEBUG] [default] - test
[2016-09-21 10:51:23.681] [DEBUG] [default] - 
[2016-09-21 10:51:23.685] [DEBUG] [default] - test
[2016-09-21 10:51:23.685] [DEBUG] [default] - 
[2016-09-21 10:51:23.688] [DEBUG] [default] - test
[2016-09-21 10:51:23.688] [DEBUG] [default] - 
[2016-09-21 10:51:23.695] [DEBUG] [default] - test
[2016-09-21 10:51:23.696] [DEBUG] [default] - 
[2016-09-21 10:51:23.697] [DEBUG] [default] - test
[2016-09-21 10:51:23.700] [DEBUG] [default] - 
[2016-09-21 10:51:23.702] [DEBUG] [default] - test
[2016-09-21 10:51:23.702] [DEBUG] [default] - 
[2016-09-21 10:51:23.704] [DEBUG] [default] - test
[2016-09-21 10:51:23.704] [DEBUG] [default] - 
[2016-09-21 10:51:23.705] [DEBUG] [default] - test
[2016-09-21 10:51:23.705] [DEBUG] [default] - 
[2016-09-21 10:51:23.713] [DEBUG] [default] - test
[2016-09-21 10:51:23.714] [DEBUG] [default] - 
[2016-09-21 10:51:23.714] [DEBUG] [default] - test
[2016-09-21 10:51:23.715] [DEBUG] [default] - 
[2016-09-21 10:51:23.718] [DEBUG] [default] - test
[2016-09-21 10:51:23.723] [DEBUG] [default] - 
[2016-09-21 10:51:23.724] [DEBUG] [default] - test
[2016-09-21 10:51:23.724] [DEBUG] [default] - 
[2016-09-21 10:51:23.725] [DEBUG] [default] - test
[2016-09-21 10:51:23.725] [DEBUG] [default] - 
[2016-09-21 10:51:23.733] [DEBUG] [default] - test
[2016-09-21 10:51:23.733] [DEBUG] [default] - 
[2016-09-21 10:51:23.733] [DEBUG] [default] - test
[2016-09-21 10:51:23.734] [DEBUG] [default] - 
[2016-09-21 10:51:23.737] [DEBUG] [default] - test
[2016-09-21 10:51:23.737] [DEBUG] [default] - 
[2016-09-21 10:51:23.740] [DEBUG] [default] - test
[2016-09-21 10:51:23.741] [DEBUG] [default] - 
[2016-09-21 10:51:23.743] [DEBUG] [default] - test
[2016-09-21 10:51:23.743] [DEBUG] [default] - 
[2016-09-21 10:51:23.745] [DEBUG] [default] - test
[2016-09-21 10:51:23.745] [DEBUG] [default] - 
[2016-09-21 10:51:23.748] [DEBUG] [default] - test
[2016-09-21 10:51:23.749] [DEBUG] [default] - 
[2016-09-21 10:51:23.752] [DEBUG] [default] - test
[2016-09-21 10:51:23.752] [DEBUG] [default] - 
[2016-09-21 10:51:23.756] [DEBUG] [default] - test
[2016-09-21 10:51:23.756] [DEBUG] [default] - 
[2016-09-21 10:51:23.802] [DEBUG] [default] - test
[2016-09-21 10:51:23.802] [DEBUG] [default] - 
[2016-09-21 10:51:23.807] [DEBUG] [default] - test
[2016-09-21 10:51:23.807] [DEBUG] [default] - 
[2016-09-21 10:51:23.808] [DEBUG] [default] - test
[2016-09-21 10:51:23.808] [DEBUG] [default] - 
[2016-09-21 10:51:23.809] [DEBUG] [default] - test
[2016-09-21 10:51:23.809] [DEBUG] [default] - 
[2016-09-21 10:51:23.811] [DEBUG] [default] - test
[2016-09-21 10:51:23.811] [DEBUG] [default] - 
[2016-09-21 10:51:23.812] [DEBUG] [default] - test
[2016-09-21 10:51:23.812] [DEBUG] [default] - 
[2016-09-21 10:51:23.817] [DEBUG] [default] - test
[2016-09-21 10:51:23.817] [DEBUG] [default] - 
[2016-09-21 10:51:23.818] [DEBUG] [default] - test
[2016-09-21 10:51:23.818] [DEBUG] [default] - 
[2016-09-21 10:51:23.823] [DEBUG] [default] - test
[2016-09-21 10:51:23.824] [DEBUG] [default] - 
[2016-09-21 10:51:23.869] [DEBUG] [default] - test
[2016-09-21 10:51:23.869] [DEBUG] [default] - 
[2016-09-21 10:51:23.871] [DEBUG] [default] - {"ok":1,"nModified":1,"n":1}
[2016-09-21 10:51:23.875] [DEBUG] [default] - {"ok":1,"nModified":1,"n":1}
[2016-09-21 10:51:23.877] [DEBUG] [default] - {"ok":1,"nModified":1,"n":1}
[2016-09-21 10:51:23.877] [DEBUG] [default] - {"ok":1,"nModified":1,"n":1}
[2016-09-21 10:51:23.878] [DEBUG] [default] - {"ok":1,"nModified":1,"n":1}
[2016-09-21 10:51:23.878] [DEBUG] [default] - {"ok":1,"nModified":1,"n":1}
[2016-09-21 10:51:23.881] [DEBUG] [default] - {"ok":1,"nModified":1,"n":1}
[2016-09-21 10:51:23.881] [DEBUG] [default] - {"ok":1,"nModified":1,"n":1}
[2016-09-21 10:51:23.882] [DEBUG] [default] - {"ok":1,"nModified":1,"n":1}
[2016-09-21 10:51:23.882] [DEBUG] [default] - {"ok":1,"nModified":1,"n":1}
[2016-09-21 10:51:23.884] [DEBUG] [default] - {"ok":1,"nModified":1,"n":1}
[2016-09-21 10:51:23.885] [DEBUG] [default] - test
[2016-09-21 10:51:23.885] [DEBUG] [default] - 
[2016-09-21 10:51:23.886] [DEBUG] [default] - {"ok":1,"nModified":1,"n":1}
[2016-09-21 10:51:23.887] [DEBUG] [default] - {"ok":1,"nModified":1,"n":1}
[2016-09-21 10:51:23.887] [DEBUG] [default] - {"ok":1,"nModified":1,"n":1}
[2016-09-21 10:51:23.888] [DEBUG] [default] - {"ok":1,"nModified":1,"n":1}
[2016-09-21 10:51:23.888] [DEBUG] [default] - {"ok":1,"nModified":1,"n":1}
[2016-09-21 10:51:23.889] [DEBUG] [default] - test
[2016-09-21 10:51:23.889] [DEBUG] [default] - 
[2016-09-21 10:51:23.890] [DEBUG] [default] - {"ok":1,"nModified":1,"n":1}
[2016-09-21 10:51:23.890] [DEBUG] [default] - {"ok":1,"nModified":1,"n":1}
[2016-09-21 10:51:23.891] [DEBUG] [default] - {"ok":1,"nModified":1,"n":1}
[2016-09-21 10:51:23.892] [DEBUG] [default] - {"ok":1,"nModified":1,"n":1}
[2016-09-21 10:51:23.892] [DEBUG] [default] - {"ok":1,"nModified":1,"n":1}
[2016-09-21 10:51:23.893] [DEBUG] [default] - test
[2016-09-21 10:51:23.893] [DEBUG] [default] - 
[2016-09-21 10:51:23.894] [DEBUG] [default] - {"ok":1,"nModified":1,"n":1}
[2016-09-21 10:51:23.894] [DEBUG] [default] - {"ok":1,"nModified":1,"n":1}
[2016-09-21 10:51:23.895] [DEBUG] [default] - {"ok":1,"nModified":1,"n":1}
[2016-09-21 10:51:23.895] [DEBUG] [default] - {"ok":1,"nModified":1,"n":1}
[2016-09-21 10:51:23.896] [DEBUG] [default] - {"ok":1,"nModified":1,"n":1}
[2016-09-21 10:51:23.897] [DEBUG] [default] - test
[2016-09-21 10:51:23.897] [DEBUG] [default] - 
[2016-09-21 10:51:23.898] [DEBUG] [default] - {"ok":1,"nModified":1,"n":1}
[2016-09-21 10:51:23.898] [DEBUG] [default] - {"ok":1,"nModified":1,"n":1}
[2016-09-21 10:51:23.899] [DEBUG] [default] - {"ok":1,"nModified":1,"n":1}
[2016-09-21 10:51:23.899] [DEBUG] [default] - {"ok":1,"nModified":1,"n":1}
[2016-09-21 10:51:23.902] [DEBUG] [default] - {"ok":1,"nModified":1,"n":1}
[2016-09-21 10:51:23.903] [DEBUG] [default] - {"ok":1,"nModified":1,"n":1}
[2016-09-21 10:51:23.903] [DEBUG] [default] - {"ok":1,"nModified":1,"n":1}
[2016-09-21 10:51:23.904] [DEBUG] [default] - {"ok":1,"nModified":1,"n":1}
[2016-09-21 10:51:23.905] [DEBUG] [default] - {"ok":1,"nModified":1,"n":1}
[2016-09-21 10:51:23.906] [DEBUG] [default] - {"ok":1,"nModified":1,"n":1}
[2016-09-21 10:51:23.906] [DEBUG] [default] - {"ok":1,"nModified":1,"n":1}
[2016-09-21 10:51:23.907] [DEBUG] [default] - {"ok":1,"nModified":1,"n":1}
[2016-09-21 10:51:23.907] [DEBUG] [default] - {"ok":1,"nModified":1,"n":1}
[2016-09-21 10:51:23.908] [DEBUG] [default] - {"ok":1,"nModified":1,"n":1}
[2016-09-21 10:51:23.908] [DEBUG] [default] - test
[2016-09-21 10:51:23.909] [DEBUG] [default] - 
[2016-09-21 10:51:23.910] [DEBUG] [default] - {"ok":1,"nModified":1,"n":1}
[2016-09-21 10:51:23.911] [DEBUG] [default] - {"ok":1,"nModified":1,"n":1}
[2016-09-21 10:51:23.911] [DEBUG] [default] - {"ok":1,"nModified":1,"n":1}
[2016-09-21 10:51:23.912] [DEBUG] [default] - {"ok":1,"nModified":1,"n":1}
[2016-09-21 10:51:23.916] [DEBUG] [default] - {"ok":1,"nModified":1,"n":1}
[2016-09-21 10:51:23.917] [DEBUG] [default] - test
[2016-09-21 10:51:23.917] [DEBUG] [default] - 
[2016-09-21 10:51:23.918] [DEBUG] [default] - {"ok":1,"nModified":1,"n":1}
[2016-09-21 10:51:23.918] [DEBUG] [default] - {"ok":1,"nModified":1,"n":1}
[2016-09-21 10:51:23.919] [DEBUG] [default] - {"ok":1,"nModified":1,"n":1}
[2016-09-21 10:51:23.919] [DEBUG] [default] - {"ok":1,"nModified":1,"n":1}
[2016-09-21 10:51:23.919] [DEBUG] [default] - {"ok":1,"nModified":1,"n":1}
[2016-09-21 10:51:23.921] [DEBUG] [default] - test
[2016-09-21 10:51:23.921] [DEBUG] [default] - 
[2016-09-21 10:51:23.921] [DEBUG] [default] - {"ok":1,"nModified":1,"n":1}
[2016-09-21 10:51:23.922] [DEBUG] [default] - {"ok":1,"nModified":1,"n":1}
[2016-09-21 10:51:23.923] [DEBUG] [default] - {"ok":1,"nModified":1,"n":1}
[2016-09-21 10:51:23.924] [DEBUG] [default] - {"ok":1,"nModified":1,"n":1}
[2016-09-21 10:51:23.924] [DEBUG] [default] - {"ok":1,"nModified":1,"n":1}
[2016-09-21 10:51:23.926] [DEBUG] [default] - test
[2016-09-21 10:51:23.926] [DEBUG] [default] - 
[2016-09-21 10:51:23.926] [DEBUG] [default] - {"ok":1,"nModified":1,"n":1}
[2016-09-21 10:51:23.927] [DEBUG] [default] - {"ok":1,"nModified":1,"n":1}
[2016-09-21 10:51:23.927] [DEBUG] [default] - {"ok":1,"nModified":1,"n":1}
[2016-09-21 10:51:23.927] [DEBUG] [default] - {"ok":1,"nModified":1,"n":1}
[2016-09-21 10:51:23.928] [DEBUG] [default] - {"ok":1,"nModified":1,"n":1}
[2016-09-21 10:51:23.929] [DEBUG] [default] - {"ok":1,"nModified":1,"n":1}
[2016-09-21 10:51:23.930] [DEBUG] [default] - {"ok":1,"nModified":1,"n":1}
[2016-09-21 10:51:23.931] [DEBUG] [default] - {"ok":1,"nModified":1,"n":1}
[2016-09-21 10:51:23.932] [DEBUG] [default] - {"ok":1,"nModified":1,"n":1}
[2016-09-21 10:51:23.932] [DEBUG] [default] - {"ok":1,"nModified":1,"n":1}
[2016-09-21 10:51:23.933] [DEBUG] [default] - {"ok":1,"nModified":1,"n":1}
[2016-09-21 10:51:23.933] [DEBUG] [default] - {"ok":1,"nModified":1,"n":1}
[2016-09-21 10:51:23.934] [DEBUG] [default] - {"ok":1,"nModified":1,"n":1}
[2016-09-21 10:51:23.934] [DEBUG] [default] - {"ok":1,"nModified":1,"n":1}
[2016-09-21 10:51:23.935] [DEBUG] [default] - {"ok":1,"nModified":1,"n":1}
[2016-09-21 10:51:23.936] [DEBUG] [default] - {"ok":1,"nModified":1,"n":1}
[2016-09-21 10:51:23.937] [DEBUG] [default] - {"ok":1,"nModified":1,"n":1}
[2016-09-21 10:51:23.937] [DEBUG] [default] - {"ok":1,"nModified":1,"n":1}
[2016-09-21 10:51:23.938] [DEBUG] [default] - {"ok":1,"nModified":1,"n":1}
[2016-09-21 10:51:23.939] [DEBUG] [default] - {"ok":1,"nModified":1,"n":1}
[2016-09-21 10:51:23.940] [DEBUG] [default] - {"ok":1,"nModified":1,"n":1}
[2016-09-21 10:51:23.941] [DEBUG] [default] - {"ok":1,"nModified":1,"n":1}
[2016-09-21 10:51:23.941] [DEBUG] [default] - {"ok":1,"nModified":1,"n":1}
[2016-09-21 10:51:23.941] [DEBUG] [default] - {"ok":1,"nModified":1,"n":1}
[2016-09-21 10:51:23.942] [DEBUG] [default] - {"ok":1,"nModified":1,"n":1}
[2016-09-21 10:51:23.943] [DEBUG] [default] - {"ok":1,"nModified":1,"n":1}
[2016-09-21 10:51:23.944] [DEBUG] [default] - {"ok":1,"nModified":1,"n":1}
[2016-09-21 10:51:23.944] [DEBUG] [default] - {"ok":1,"nModified":1,"n":1}
[2016-09-21 10:51:23.944] [DEBUG] [default] - {"ok":1,"nModified":1,"n":1}
[2016-09-21 10:51:23.945] [DEBUG] [default] - {"ok":1,"nModified":1,"n":1}
[2016-09-21 10:51:23.946] [DEBUG] [default] - {"ok":1,"nModified":1,"n":1}
[2016-09-21 10:51:23.946] [DEBUG] [default] - {"ok":1,"nModified":1,"n":1}
[2016-09-21 10:51:23.947] [DEBUG] [default] - {"ok":1,"nModified":1,"n":1}
[2016-09-21 10:51:23.947] [DEBUG] [default] - {"ok":1,"nModified":1,"n":1}
[2016-09-21 10:51:23.948] [DEBUG] [default] - {"ok":1,"nModified":1,"n":1}
[2016-09-21 10:51:23.949] [DEBUG] [default] - {"ok":1,"nModified":1,"n":1}
[2016-09-21 10:51:23.949] [DEBUG] [default] - {"ok":1,"nModified":1,"n":1}
[2016-09-21 10:51:23.950] [DEBUG] [default] - {"ok":1,"nModified":1,"n":1}
[2016-09-21 10:51:23.951] [DEBUG] [default] - {"ok":1,"nModified":1,"n":1}
[2016-09-21 10:51:23.951] [DEBUG] [default] - {"ok":1,"nModified":1,"n":1}
[2016-09-21 10:51:23.952] [DEBUG] [default] - {"ok":1,"nModified":1,"n":1}
[2016-09-21 10:51:23.952] [DEBUG] [default] - {"ok":1,"nModified":1,"n":1}
[2016-09-21 10:51:23.953] [DEBUG] [default] - {"ok":1,"nModified":1,"n":1}
[2016-09-21 10:51:23.953] [DEBUG] [default] - {"ok":1,"nModified":1,"n":1}
[2016-09-21 10:51:23.953] [DEBUG] [default] - {"ok":1,"nModified":1,"n":1}
[2016-09-21 10:53:47.500] [DEBUG] [default] - test
[2016-09-21 10:53:47.503] [DEBUG] [default] - {"_c":[],"_s":0,"_d":false,"_h":0,"_n":false}
[2016-09-21 12:45:46.373] [DEBUG] [default] - Connected to the database
[2016-09-21 12:46:07.118] [DEBUG] [default] - Connected to the database
[2016-09-21 12:46:07.123] [DEBUG] [default] - Server is now running
[2016-09-21 12:46:07.124] [DEBUG] [default] - listening to port 8080
[2016-09-21 12:46:21.506] [DEBUG] [default] - test
[2016-09-21 12:46:21.507] [DEBUG] [default] - 
[2016-09-21 12:46:21.529] [DEBUG] [default] - test
[2016-09-21 12:46:21.529] [DEBUG] [default] - 
[2016-09-21 12:46:21.607] [DEBUG] [default] - test
[2016-09-21 12:46:21.607] [DEBUG] [default] - 
[2016-09-21 12:46:21.608] [DEBUG] [default] - test
[2016-09-21 12:46:21.608] [DEBUG] [default] - 
[2016-09-21 12:46:21.609] [DEBUG] [default] - test
[2016-09-21 12:46:21.609] [DEBUG] [default] - 
[2016-09-21 12:46:21.610] [DEBUG] [default] - test
[2016-09-21 12:46:21.611] [DEBUG] [default] - 
[2016-09-21 12:46:21.612] [DEBUG] [default] - test
[2016-09-21 12:46:21.612] [DEBUG] [default] - 
[2016-09-21 12:46:21.613] [DEBUG] [default] - test
[2016-09-21 12:46:21.613] [DEBUG] [default] - 
[2016-09-21 12:46:21.614] [DEBUG] [default] - test
[2016-09-21 12:46:21.614] [DEBUG] [default] - 
[2016-09-21 12:46:21.615] [DEBUG] [default] - test
[2016-09-21 12:46:21.615] [DEBUG] [default] - 
[2016-09-21 12:46:21.616] [DEBUG] [default] - test
[2016-09-21 12:46:21.617] [DEBUG] [default] - 
[2016-09-21 12:46:21.618] [DEBUG] [default] - test
[2016-09-21 12:46:21.618] [DEBUG] [default] - 
[2016-09-21 12:46:21.619] [DEBUG] [default] - test
[2016-09-21 12:46:21.619] [DEBUG] [default] - 
[2016-09-21 12:46:21.620] [DEBUG] [default] - test
[2016-09-21 12:46:21.620] [DEBUG] [default] - 
[2016-09-21 12:46:21.621] [DEBUG] [default] - test
[2016-09-21 12:46:21.621] [DEBUG] [default] - 
[2016-09-21 12:46:21.623] [DEBUG] [default] - test
[2016-09-21 12:46:21.623] [DEBUG] [default] - 
[2016-09-21 12:46:21.624] [DEBUG] [default] - test
[2016-09-21 12:46:21.624] [DEBUG] [default] - 
[2016-09-21 12:46:21.625] [DEBUG] [default] - test
[2016-09-21 12:46:21.625] [DEBUG] [default] - 
[2016-09-21 12:46:21.626] [DEBUG] [default] - test
[2016-09-21 12:46:21.626] [DEBUG] [default] - 
[2016-09-21 12:46:21.626] [DEBUG] [default] - test
[2016-09-21 12:46:21.627] [DEBUG] [default] - 
[2016-09-21 12:46:21.627] [DEBUG] [default] - test
[2016-09-21 12:46:21.627] [DEBUG] [default] - 
[2016-09-21 12:46:21.628] [DEBUG] [default] - test
[2016-09-21 12:46:21.628] [DEBUG] [default] - 
[2016-09-21 12:46:21.629] [DEBUG] [default] - test
[2016-09-21 12:46:21.630] [DEBUG] [default] - 
[2016-09-21 12:46:21.631] [DEBUG] [default] - test
[2016-09-21 12:46:21.631] [DEBUG] [default] - 
[2016-09-21 12:46:21.632] [DEBUG] [default] - test
[2016-09-21 12:46:21.632] [DEBUG] [default] - 
[2016-09-21 12:46:21.633] [DEBUG] [default] - test
[2016-09-21 12:46:21.633] [DEBUG] [default] - 
[2016-09-21 12:46:21.636] [DEBUG] [default] - test
[2016-09-21 12:46:21.637] [DEBUG] [default] - 
[2016-09-21 12:46:21.639] [DEBUG] [default] - test
[2016-09-21 12:46:21.639] [DEBUG] [default] - 
[2016-09-21 12:46:21.640] [DEBUG] [default] - test
[2016-09-21 12:46:21.640] [DEBUG] [default] - 
[2016-09-21 12:46:21.641] [DEBUG] [default] - test
[2016-09-21 12:46:21.642] [DEBUG] [default] - 
[2016-09-21 12:46:21.643] [DEBUG] [default] - test
[2016-09-21 12:46:21.643] [DEBUG] [default] - 
[2016-09-21 12:46:21.644] [DEBUG] [default] - test
[2016-09-21 12:46:21.646] [DEBUG] [default] - 
[2016-09-21 12:46:21.647] [DEBUG] [default] - test
[2016-09-21 12:46:21.647] [DEBUG] [default] - 
[2016-09-21 12:46:21.649] [DEBUG] [default] - test
[2016-09-21 12:46:21.649] [DEBUG] [default] - 
[2016-09-21 12:46:21.649] [DEBUG] [default] - test
[2016-09-21 12:46:21.649] [DEBUG] [default] - 
[2016-09-21 12:46:21.650] [DEBUG] [default] - test
[2016-09-21 12:46:21.650] [DEBUG] [default] - 
[2016-09-21 12:46:21.650] [DEBUG] [default] - test
[2016-09-21 12:46:21.651] [DEBUG] [default] - 
[2016-09-21 12:46:21.651] [DEBUG] [default] - test
[2016-09-21 12:46:21.651] [DEBUG] [default] - 
[2016-09-21 12:46:21.652] [DEBUG] [default] - test
[2016-09-21 12:46:21.652] [DEBUG] [default] - 
[2016-09-21 12:46:21.653] [DEBUG] [default] - test
[2016-09-21 12:46:21.653] [DEBUG] [default] - 
[2016-09-21 12:46:21.653] [DEBUG] [default] - test
[2016-09-21 12:46:21.654] [DEBUG] [default] - 
[2016-09-21 12:46:21.654] [DEBUG] [default] - test
[2016-09-21 12:46:21.654] [DEBUG] [default] - 
[2016-09-21 12:46:21.655] [DEBUG] [default] - test
[2016-09-21 12:46:21.655] [DEBUG] [default] - 
[2016-09-21 12:46:21.656] [DEBUG] [default] - test
[2016-09-21 12:46:21.657] [DEBUG] [default] - 
[2016-09-21 12:46:21.658] [DEBUG] [default] - test
[2016-09-21 12:46:21.658] [DEBUG] [default] - 
[2016-09-21 12:46:21.658] [DEBUG] [default] - test
[2016-09-21 12:46:21.658] [DEBUG] [default] - 
[2016-09-21 12:46:21.659] [DEBUG] [default] - test
[2016-09-21 12:46:21.660] [DEBUG] [default] - 
[2016-09-21 12:46:21.661] [DEBUG] [default] - test
[2016-09-21 12:46:21.661] [DEBUG] [default] - 
[2016-09-21 12:46:21.662] [DEBUG] [default] - test
[2016-09-21 12:46:21.662] [DEBUG] [default] - 
[2016-09-21 12:46:21.664] [DEBUG] [default] - test
[2016-09-21 12:46:21.664] [DEBUG] [default] - 
[2016-09-21 12:46:21.664] [DEBUG] [default] - test
[2016-09-21 12:46:21.665] [DEBUG] [default] - 
[2016-09-21 12:46:21.665] [DEBUG] [default] - test
[2016-09-21 12:46:21.665] [DEBUG] [default] - 
[2016-09-21 12:46:21.666] [DEBUG] [default] - test
[2016-09-21 12:46:21.666] [DEBUG] [default] - 
[2016-09-21 12:46:21.666] [DEBUG] [default] - test
[2016-09-21 12:46:21.666] [DEBUG] [default] - 
[2016-09-21 12:46:21.667] [DEBUG] [default] - test
[2016-09-21 12:46:21.667] [DEBUG] [default] - 
[2016-09-21 12:46:21.667] [DEBUG] [default] - test
[2016-09-21 12:46:21.667] [DEBUG] [default] - 
[2016-09-21 12:46:21.668] [DEBUG] [default] - test
[2016-09-21 12:46:21.668] [DEBUG] [default] - 
[2016-09-21 12:46:21.670] [DEBUG] [default] - test
[2016-09-21 12:46:21.671] [DEBUG] [default] - 
[2016-09-21 12:46:21.674] [DEBUG] [default] - test
[2016-09-21 12:46:21.674] [DEBUG] [default] - 
[2016-09-21 12:46:21.676] [DEBUG] [default] - test
[2016-09-21 12:46:21.676] [DEBUG] [default] - 
[2016-09-21 12:46:21.677] [DEBUG] [default] - test
[2016-09-21 12:46:21.677] [DEBUG] [default] - 
[2016-09-21 12:46:21.677] [DEBUG] [default] - test
[2016-09-21 12:46:21.677] [DEBUG] [default] - 
[2016-09-21 12:46:21.678] [DEBUG] [default] - test
[2016-09-21 12:46:21.678] [DEBUG] [default] - 
[2016-09-21 12:46:21.678] [DEBUG] [default] - test
[2016-09-21 12:46:21.678] [DEBUG] [default] - 
[2016-09-21 12:46:21.679] [DEBUG] [default] - test
[2016-09-21 12:46:21.681] [DEBUG] [default] - 
[2016-09-21 12:46:21.682] [DEBUG] [default] - test
[2016-09-21 12:46:21.682] [DEBUG] [default] - 
[2016-09-21 12:46:21.683] [DEBUG] [default] - test
[2016-09-21 12:46:21.683] [DEBUG] [default] - 
[2016-09-21 12:46:21.684] [DEBUG] [default] - test
[2016-09-21 12:46:21.684] [DEBUG] [default] - 
[2016-09-21 12:46:21.684] [DEBUG] [default] - test
[2016-09-21 12:46:21.684] [DEBUG] [default] - 
[2016-09-21 12:46:21.685] [DEBUG] [default] - test
[2016-09-21 12:46:21.685] [DEBUG] [default] - 
[2016-09-21 12:46:21.686] [DEBUG] [default] - test
[2016-09-21 12:46:21.686] [DEBUG] [default] - 
[2016-09-21 12:46:21.687] [DEBUG] [default] - test
[2016-09-21 12:46:21.687] [DEBUG] [default] - 
[2016-09-21 12:46:21.689] [DEBUG] [default] - test
[2016-09-21 12:46:21.689] [DEBUG] [default] - 
[2016-09-21 12:46:21.689] [DEBUG] [default] - test
[2016-09-21 12:46:21.690] [DEBUG] [default] - 
[2016-09-21 12:46:21.690] [DEBUG] [default] - test
[2016-09-21 12:46:21.690] [DEBUG] [default] - 
[2016-09-21 12:46:21.690] [DEBUG] [default] - test
[2016-09-21 12:46:21.691] [DEBUG] [default] - 
[2016-09-21 12:46:21.691] [DEBUG] [default] - test
[2016-09-21 12:46:21.691] [DEBUG] [default] - 
[2016-09-21 12:46:21.692] [DEBUG] [default] - test
[2016-09-21 12:46:21.692] [DEBUG] [default] - 
[2016-09-21 12:46:21.692] [DEBUG] [default] - test
[2016-09-21 12:46:21.693] [DEBUG] [default] - 
[2016-09-21 12:46:21.693] [DEBUG] [default] - test
[2016-09-21 12:46:21.694] [DEBUG] [default] - 
[2016-09-21 12:46:21.694] [DEBUG] [default] - test
[2016-09-21 12:46:21.694] [DEBUG] [default] - 
[2016-09-21 12:46:21.695] [DEBUG] [default] - test
[2016-09-21 12:46:21.695] [DEBUG] [default] - 
[2016-09-21 12:46:21.695] [DEBUG] [default] - test
[2016-09-21 12:46:21.695] [DEBUG] [default] - 
[2016-09-21 12:46:21.696] [DEBUG] [default] - test
[2016-09-21 12:46:21.696] [DEBUG] [default] - 
[2016-09-21 12:46:21.699] [DEBUG] [default] - {"ok":1,"nModified":1,"n":1}
[2016-09-21 12:46:21.701] [DEBUG] [default] - test
[2016-09-21 12:46:21.702] [DEBUG] [default] - 
[2016-09-21 12:46:21.702] [DEBUG] [default] - test
[2016-09-21 12:46:21.702] [DEBUG] [default] - 
[2016-09-21 12:46:21.703] [DEBUG] [default] - test
[2016-09-21 12:46:21.703] [DEBUG] [default] - 
[2016-09-21 12:46:21.703] [DEBUG] [default] - test
[2016-09-21 12:46:21.704] [DEBUG] [default] - 
[2016-09-21 12:46:21.704] [DEBUG] [default] - test
[2016-09-21 12:46:21.704] [DEBUG] [default] - 
[2016-09-21 12:46:21.706] [DEBUG] [default] - {"ok":1,"nModified":1,"n":1}
[2016-09-21 12:46:21.707] [DEBUG] [default] - {"ok":1,"nModified":1,"n":1}
[2016-09-21 12:46:21.708] [DEBUG] [default] - {"ok":1,"nModified":1,"n":1}
[2016-09-21 12:46:21.710] [DEBUG] [default] - test
[2016-09-21 12:46:21.710] [DEBUG] [default] - 
[2016-09-21 12:46:21.710] [DEBUG] [default] - test
[2016-09-21 12:46:21.711] [DEBUG] [default] - 
[2016-09-21 12:46:21.711] [DEBUG] [default] - test
[2016-09-21 12:46:21.711] [DEBUG] [default] - 
[2016-09-21 12:46:21.712] [DEBUG] [default] - test
[2016-09-21 12:46:21.712] [DEBUG] [default] - 
[2016-09-21 12:46:21.712] [DEBUG] [default] - test
[2016-09-21 12:46:21.712] [DEBUG] [default] - 
[2016-09-21 12:46:21.712] [DEBUG] [default] - test
[2016-09-21 12:46:21.713] [DEBUG] [default] - 
[2016-09-21 12:46:21.714] [DEBUG] [default] - test
[2016-09-21 12:46:21.714] [DEBUG] [default] - 
[2016-09-21 12:46:21.715] [DEBUG] [default] - test
[2016-09-21 12:46:21.715] [DEBUG] [default] - 
[2016-09-21 12:46:21.716] [DEBUG] [default] - test
[2016-09-21 12:46:21.716] [DEBUG] [default] - 
[2016-09-21 12:46:21.717] [DEBUG] [default] - test
[2016-09-21 12:46:21.717] [DEBUG] [default] - 
[2016-09-21 12:46:21.719] [DEBUG] [default] - {"ok":1,"nModified":1,"n":1}
[2016-09-21 12:46:21.720] [DEBUG] [default] - {"ok":1,"nModified":1,"n":1}
[2016-09-21 12:46:21.720] [DEBUG] [default] - {"ok":1,"nModified":1,"n":1}
[2016-09-21 12:46:21.721] [DEBUG] [default] - {"ok":1,"nModified":1,"n":1}
[2016-09-21 12:46:21.721] [DEBUG] [default] - {"ok":1,"nModified":1,"n":1}
[2016-09-21 12:46:21.722] [DEBUG] [default] - {"ok":1,"nModified":1,"n":1}
[2016-09-21 12:46:21.731] [DEBUG] [default] - {"ok":1,"nModified":1,"n":1}
[2016-09-21 12:46:21.731] [DEBUG] [default] - {"ok":1,"nModified":1,"n":1}
[2016-09-21 12:46:21.732] [DEBUG] [default] - {"ok":1,"nModified":1,"n":1}
[2016-09-21 12:46:21.732] [DEBUG] [default] - {"ok":1,"nModified":1,"n":1}
[2016-09-21 12:46:21.733] [DEBUG] [default] - {"ok":1,"nModified":1,"n":1}
[2016-09-21 12:46:21.734] [DEBUG] [default] - {"ok":1,"nModified":1,"n":1}
[2016-09-21 12:46:21.734] [DEBUG] [default] - {"ok":1,"nModified":1,"n":1}
[2016-09-21 12:46:21.735] [DEBUG] [default] - {"ok":1,"nModified":1,"n":1}
[2016-09-21 12:46:21.736] [DEBUG] [default] - {"ok":1,"nModified":1,"n":1}
[2016-09-21 12:46:21.736] [DEBUG] [default] - {"ok":1,"nModified":1,"n":1}
[2016-09-21 12:46:21.737] [DEBUG] [default] - {"ok":1,"nModified":1,"n":1}
[2016-09-21 12:46:21.737] [DEBUG] [default] - {"ok":1,"nModified":1,"n":1}
[2016-09-21 12:46:21.739] [DEBUG] [default] - {"ok":1,"nModified":1,"n":1}
[2016-09-21 12:46:21.741] [DEBUG] [default] - {"ok":1,"nModified":1,"n":1}
[2016-09-21 12:46:21.741] [DEBUG] [default] - {"ok":1,"nModified":1,"n":1}
[2016-09-21 12:46:21.742] [DEBUG] [default] - {"ok":1,"nModified":1,"n":1}
[2016-09-21 12:46:21.742] [DEBUG] [default] - {"ok":1,"nModified":1,"n":1}
[2016-09-21 12:46:21.743] [DEBUG] [default] - {"ok":1,"nModified":1,"n":1}
[2016-09-21 12:46:21.744] [DEBUG] [default] - {"ok":1,"nModified":1,"n":1}
[2016-09-21 12:46:21.745] [DEBUG] [default] - {"ok":1,"nModified":1,"n":1}
[2016-09-21 12:46:21.746] [DEBUG] [default] - {"ok":1,"nModified":1,"n":1}
[2016-09-21 12:46:21.749] [DEBUG] [default] - {"ok":1,"nModified":1,"n":1}
[2016-09-21 12:46:21.749] [DEBUG] [default] - {"ok":1,"nModified":1,"n":1}
[2016-09-21 12:46:21.750] [DEBUG] [default] - {"ok":1,"nModified":1,"n":1}
[2016-09-21 12:46:21.750] [DEBUG] [default] - {"ok":1,"nModified":1,"n":1}
[2016-09-21 12:46:21.751] [DEBUG] [default] - {"ok":1,"nModified":1,"n":1}
[2016-09-21 12:46:21.752] [DEBUG] [default] - {"ok":1,"nModified":1,"n":1}
[2016-09-21 12:46:21.753] [DEBUG] [default] - {"ok":1,"nModified":1,"n":1}
[2016-09-21 12:46:21.753] [DEBUG] [default] - {"ok":1,"nModified":1,"n":1}
[2016-09-21 12:46:21.754] [DEBUG] [default] - {"ok":1,"nModified":1,"n":1}
[2016-09-21 12:46:21.754] [DEBUG] [default] - {"ok":1,"nModified":1,"n":1}
[2016-09-21 12:46:21.758] [DEBUG] [default] - {"ok":1,"nModified":1,"n":1}
[2016-09-21 12:46:21.759] [DEBUG] [default] - {"ok":1,"nModified":1,"n":1}
[2016-09-21 12:46:21.759] [DEBUG] [default] - {"ok":1,"nModified":1,"n":1}
[2016-09-21 12:46:21.760] [DEBUG] [default] - {"ok":1,"nModified":1,"n":1}
[2016-09-21 12:46:21.761] [DEBUG] [default] - {"ok":1,"nModified":1,"n":1}
[2016-09-21 12:46:21.762] [DEBUG] [default] - test
[2016-09-21 12:46:21.762] [DEBUG] [default] - 
[2016-09-21 12:46:21.764] [DEBUG] [default] - {"ok":1,"nModified":1,"n":1}
[2016-09-21 12:46:21.764] [DEBUG] [default] - {"ok":1,"nModified":1,"n":1}
[2016-09-21 12:46:21.765] [DEBUG] [default] - {"ok":1,"nModified":1,"n":1}
[2016-09-21 12:46:21.765] [DEBUG] [default] - {"ok":1,"nModified":1,"n":1}
[2016-09-21 12:46:21.766] [DEBUG] [default] - {"ok":1,"nModified":1,"n":1}
[2016-09-21 12:46:21.767] [DEBUG] [default] - {"ok":1,"nModified":1,"n":1}
[2016-09-21 12:46:21.767] [DEBUG] [default] - {"ok":1,"nModified":1,"n":1}
[2016-09-21 12:46:21.768] [DEBUG] [default] - {"ok":1,"nModified":1,"n":1}
[2016-09-21 12:46:21.768] [DEBUG] [default] - {"ok":1,"nModified":1,"n":1}
[2016-09-21 12:46:21.768] [DEBUG] [default] - {"ok":1,"nModified":1,"n":1}
[2016-09-21 12:46:21.769] [DEBUG] [default] - {"ok":1,"nModified":1,"n":1}
[2016-09-21 12:46:21.770] [DEBUG] [default] - {"ok":1,"nModified":1,"n":1}
[2016-09-21 12:46:21.770] [DEBUG] [default] - {"ok":1,"nModified":1,"n":1}
[2016-09-21 12:46:21.771] [DEBUG] [default] - {"ok":1,"nModified":1,"n":1}
[2016-09-21 12:46:21.772] [DEBUG] [default] - {"ok":1,"nModified":1,"n":1}
[2016-09-21 12:46:21.773] [DEBUG] [default] - {"ok":1,"nModified":1,"n":1}
[2016-09-21 12:46:21.774] [DEBUG] [default] - {"ok":1,"nModified":1,"n":1}
[2016-09-21 12:46:21.774] [DEBUG] [default] - {"ok":1,"nModified":1,"n":1}
[2016-09-21 12:46:21.775] [DEBUG] [default] - {"ok":1,"nModified":1,"n":1}
[2016-09-21 12:46:21.775] [DEBUG] [default] - {"ok":1,"nModified":1,"n":1}
[2016-09-21 12:46:21.776] [DEBUG] [default] - {"ok":1,"nModified":1,"n":1}
[2016-09-21 12:46:21.776] [DEBUG] [default] - {"ok":1,"nModified":1,"n":1}
[2016-09-21 12:46:21.777] [DEBUG] [default] - {"ok":1,"nModified":1,"n":1}
[2016-09-21 12:46:21.777] [DEBUG] [default] - {"ok":1,"nModified":1,"n":1}
[2016-09-21 12:46:21.778] [DEBUG] [default] - {"ok":1,"nModified":1,"n":1}
[2016-09-21 12:46:21.778] [DEBUG] [default] - {"ok":1,"nModified":1,"n":1}
[2016-09-21 12:46:21.779] [DEBUG] [default] - {"ok":1,"nModified":1,"n":1}
[2016-09-21 12:46:21.779] [DEBUG] [default] - {"ok":1,"nModified":1,"n":1}
[2016-09-21 12:46:21.780] [DEBUG] [default] - {"ok":1,"nModified":1,"n":1}
[2016-09-21 12:46:21.780] [DEBUG] [default] - {"ok":1,"nModified":1,"n":1}
[2016-09-21 12:46:21.781] [DEBUG] [default] - {"ok":1,"nModified":1,"n":1}
[2016-09-21 12:46:21.782] [DEBUG] [default] - {"ok":1,"nModified":1,"n":1}
[2016-09-21 12:46:21.782] [DEBUG] [default] - {"ok":1,"nModified":1,"n":1}
[2016-09-21 12:46:21.783] [DEBUG] [default] - {"ok":1,"nModified":1,"n":1}
[2016-09-21 12:46:21.784] [DEBUG] [default] - {"ok":1,"nModified":1,"n":1}
[2016-09-21 12:46:21.784] [DEBUG] [default] - {"ok":1,"nModified":1,"n":1}
[2016-09-21 12:46:21.785] [DEBUG] [default] - {"ok":1,"nModified":1,"n":1}
[2016-09-21 12:46:21.785] [DEBUG] [default] - {"ok":1,"nModified":1,"n":1}
[2016-09-21 12:46:21.785] [DEBUG] [default] - {"ok":1,"nModified":1,"n":1}
[2016-09-21 12:46:21.786] [DEBUG] [default] - {"ok":1,"nModified":1,"n":1}
[2016-09-21 12:46:21.787] [DEBUG] [default] - {"ok":1,"nModified":1,"n":1}
[2016-09-21 12:46:21.787] [DEBUG] [default] - {"ok":1,"nModified":1,"n":1}
[2016-09-21 12:46:21.788] [DEBUG] [default] - {"ok":1,"nModified":1,"n":1}
[2016-09-21 12:46:21.788] [DEBUG] [default] - {"ok":1,"nModified":1,"n":1}
[2016-09-21 12:46:21.789] [DEBUG] [default] - {"ok":1,"nModified":1,"n":1}
[2016-09-21 12:46:21.790] [DEBUG] [default] - {"ok":1,"nModified":1,"n":1}
[2016-09-21 12:46:21.791] [DEBUG] [default] - {"ok":1,"nModified":1,"n":1}
[2016-09-21 12:46:21.792] [DEBUG] [default] - {"ok":1,"nModified":1,"n":1}
[2016-09-21 12:46:21.793] [DEBUG] [default] - {"ok":1,"nModified":1,"n":1}
[2016-09-21 12:46:21.793] [DEBUG] [default] - {"ok":1,"nModified":1,"n":1}
[2016-09-21 12:46:21.794] [DEBUG] [default] - {"ok":1,"nModified":1,"n":1}
[2016-09-21 12:46:21.794] [DEBUG] [default] - {"ok":1,"nModified":1,"n":1}
[2016-09-21 12:46:21.794] [DEBUG] [default] - {"ok":1,"nModified":1,"n":1}
[2016-09-21 12:46:21.795] [DEBUG] [default] - {"ok":1,"nModified":1,"n":1}
[2016-09-21 14:41:01.469] [DEBUG] [default] - Connected to the database
